<?xml version="1.0" encoding="UTF-8"?>
<testsuite name="EgMatchExample$EgTest" tests="4" skipped="0" failures="0" errors="0" timestamp="2017-03-20T22:01:58" hostname="Abyayas-MacBook-Pro.local" time="0.004">
  <properties/>
  <testcase name="testMatch$numberRe" classname="EgMatchExample$EgTest" time="0.002"/>
  <testcase name="testMatch$SIMPLE_EMAIL_RE" classname="EgMatchExample$EgTest" time="0.0"/>
  <testcase name="testMatch$isEmail" classname="EgMatchExample$EgTest" time="0.0"/>
  <testcase name="testMatch$isNumber" classname="EgMatchExample$EgTest" time="0.0"/>
  <system-out><![CDATA[]]></system-out>
  <system-err><![CDATA[]]></system-err>
</testsuite>
